<?xml version="1.0" encoding="UTF-8"?>
<!-- Generated by org.testng.reporters.JUnitReportReporter -->
<testsuite hostname="DESKTOP-CJJQG7F" name="com.testngpratice.ParameterTesting" tests="3" failures="0" timestamp="12 Jun 2019 18:39:05 GMT" time="37.572" errors="0">
  <testcase name="LaunchBrowser" time="10.584" classname="com.testngpratice.ParameterTesting"/>
  <testcase name="LoginasDeepak" time="13.301" classname="com.testngpratice.ParameterTesting"/>
  <testcase name="LoginasDeepakAdmin" time="13.687" classname="com.testngpratice.ParameterTesting"/>
</testsuite> <!-- com.testngpratice.ParameterTesting -->
