<?xml version="1.0" encoding="UTF-8"?>
<!-- Generated by org.testng.reporters.JUnitReportReporter -->
<testsuite hostname="DESKTOP-CJJQG7F" name="testcasesforPOM.RediffLoginApplication" tests="1" failures="0" timestamp="21 Jun 2019 18:43:18 GMT" time="7.481" errors="0">
  <testcase name="Login" time="7.481" classname="testcasesforPOM.RediffLoginApplication"/>
</testsuite> <!-- testcasesforPOM.RediffLoginApplication -->
