<?xml version="1.0" encoding="UTF-8"?>
<!-- Generated by org.testng.reporters.JUnitReportReporter -->
<testsuite skipped="0" hostname="DESKTOP-CJJQG7F" name="seleniumjavapratice.LOGINUSINGHASHMAP" tests="2" failures="0" timestamp="11 Jun 2019 01:52:17 GMT" time="28.695" errors="0">
  <testcase name="adminLogin" time="18.682" classname="seleniumjavapratice.LOGINUSINGHASHMAP"/>
  <testcase name="admindeepakLogin" time="10.013" classname="seleniumjavapratice.LOGINUSINGHASHMAP"/>
</testsuite> <!-- seleniumjavapratice.LOGINUSINGHASHMAP -->
