<?xml version="1.0" encoding="UTF-8"?>
<!-- Generated by org.testng.reporters.JUnitReportReporter -->
<testsuite hostname="DESKTOP-CJJQG7F" name="com.testngpratice.VerbosePratice" tests="3" failures="0" timestamp="15 Jun 2019 06:56:09 GMT" time="25.760" errors="0">
  <testcase name="test2" time="9.037" classname="com.testngpratice.VerbosePratice"/>
  <testcase name="test3" time="9.873" classname="com.testngpratice.VerbosePratice"/>
  <testcase name="test1" time="6.850" classname="com.testngpratice.VerbosePratice"/>
</testsuite> <!-- com.testngpratice.VerbosePratice -->
