<?xml version="1.0" encoding="UTF-8"?>
<!-- Generated by org.testng.reporters.JUnitReportReporter -->
<testsuite hostname="DESKTOP-CJJQG7F" name="seleniumjavapratice.Ajaxdemo" tests="1" failures="0" timestamp="13 Aug 2019 17:41:23 GMT" time="1.531" errors="0">
  <testcase name="test_AjaxExample" time="1.531" classname="seleniumjavapratice.Ajaxdemo"/>
</testsuite> <!-- seleniumjavapratice.Ajaxdemo -->
